0001_0010_0018_0027_0027.jpg 1 10 18 27 27
0002_0015_0006_0029_0029.jpg 1 15 6 29 29
0003_0005_0013_0033_0033.jpg 1 5 13 33 33
0004_0003_0011_0028_0028.jpg 1 3 11 28 28
0005_0011_0005_0027_0027.jpg 1 11 5 27 27
0006_0010_0004_0026_0026.jpg 1 10 4 26 26
0007_0002_0002_0027_0027.jpg 1 2 2 27 27
0008_0006_0006_0032_0032.jpg 1 6 6 32 32
0009_0013_0005_0031_0031.jpg 1 13 5 31 31
0010_0015_0014_0027_0027.jpg 1 15 14 27 27
0011_0004_0016_0024_0024.jpg 1 4 16 24 24
0012_0018_0008_0028_0028.jpg 1 18 8 28 28
0013_0010_0008_0032_0032.jpg 1 10 8 32 32
0014_0007_0007_0033_0033.jpg 1 7 7 33 33
0015_0006_0008_0031_0031.jpg 1 6 8 31 31
0016_0018_0015_0026_0026.jpg 1 18 15 26 26
0017_0008_0010_0033_0033.jpg 1 8 10 33 33
0018_0008_0015_0024_0024.jpg 1 8 15 24 24
0019_0015_0002_0031_0031.jpg 1 15 2 31 31
0020_0006_0012_0033_0033.jpg 1 6 12 33 33
0021_0009_0004_0030_0030.jpg 1 9 4 30 30
0022_0013_0006_0034_0034.jpg 1 13 6 34 34
0023_0008_0012_0027_0027.jpg 1 8 12 27 27
0024_0016_0016_0025_0025.jpg 1 16 16 25 25
0025_0009_0007_0034_0034.jpg 1 9 7 34 34
0001_0013_0016_0026_0026.jpg 1 13 16 26 26
0002_0016_0007_0025_0025.jpg 1 16 7 25 25
0003_0007_0016_0024_0024.jpg 1 7 16 24 24
0004_0002_0016_0029_0029.jpg 1 2 16 29 29
0005_0008_0020_0024_0024.jpg 1 8 20 24 24
0006_0009_0005_0024_0024.jpg 1 9 5 24 24
0007_0003_0010_0033_0033.jpg 1 3 10 33 33
0008_0012_0005_0025_0025.jpg 1 12 5 25 25
0009_0002_0016_0030_0030.jpg 1 2 16 30 30
0010_0012_0002_0026_0026.jpg 1 12 2 26 26
0011_0015_0007_0027_0027.jpg 1 15 7 27 27
0012_0018_0012_0028_0028.jpg 1 18 12 28 28
0013_0005_0016_0025_0025.jpg 1 5 16 25 25
0014_0013_0018_0029_0029.jpg 1 13 18 29 29
0015_0006_0013_0033_0033.jpg 1 6 13 33 33
0016_0013_0005_0034_0034.jpg 1 13 5 34 34
0017_0012_0010_0032_0032.jpg 1 12 10 32 32
0018_0009_0013_0027_0027.jpg 1 9 13 27 27
0019_0006_0015_0032_0032.jpg 1 6 15 32 32
0020_0005_0007_0029_0029.jpg 1 5 7 29 29
0021_0004_0012_0031_0031.jpg 1 4 12 31 31
0022_0008_0003_0027_0027.jpg 1 8 3 27 27
0023_0007_0009_0033_0033.jpg 1 7 9 33 33
0024_0004_0008_0034_0034.jpg 1 4 8 34 34
0025_0005_0020_0025_0025.jpg 1 5 20 25 25
0001_0015_0010_0031_0031.jpg 1 15 10 31 31
0002_0021_0007_0025_0025.jpg 1 21 7 25 25
0003_0002_0015_0027_0027.jpg 1 2 15 27 27
0004_0005_0003_0029_0029.jpg 1 5 3 29 29
0005_0016_0017_0025_0025.jpg 1 16 17 25 25
0006_0014_0012_0032_0032.jpg 1 14 12 32 32
0007_0008_0007_0033_0033.jpg 1 8 7 33 33
0008_0009_0011_0028_0028.jpg 1 9 11 28 28
0009_0013_0010_0031_0031.jpg 1 13 10 31 31
0010_0016_0002_0032_0032.jpg 1 16 2 32 32
0011_0014_0014_0030_0030.jpg 1 14 14 30 30
0012_0018_0020_0024_0024.jpg 1 18 20 24 24
0013_0007_0013_0024_0024.jpg 1 7 13 24 24
0014_0019_0007_0027_0027.jpg 1 19 7 27 27
0015_0014_0013_0031_0031.jpg 1 14 13 31 31
0016_0007_0016_0029_0029.jpg 1 7 16 29 29
0017_0015_0019_0024_0024.jpg 1 15 19 24 24
0018_0016_0012_0030_0030.jpg 1 16 12 30 30
0019_0011_0017_0026_0026.jpg 1 11 17 26 26
0020_0011_0008_0029_0029.jpg 1 11 8 29 29
0021_0002_0014_0031_0031.jpg 1 2 14 31 31
0022_0003_0012_0032_0032.jpg 1 3 12 32 32
0023_0011_0007_0024_0024.jpg 1 11 7 24 24
0024_0021_0003_0026_0026.jpg 1 21 3 26 26
0025_0012_0022_0024_0024.jpg 1 12 22 24 24
0001_0005_0010_0032_0032.jpg 1 5 10 32 32
0002_0007_0006_0031_0031.jpg 1 7 6 31 31
0003_0019_0010_0024_0024.jpg 1 19 10 24 24
0004_0004_0007_0034_0034.jpg 1 4 7 34 34
0005_0005_0013_0025_0025.jpg 1 5 13 25 25
0006_0021_0019_0024_0024.jpg 1 21 19 24 24
0007_0014_0005_0027_0027.jpg 1 14 5 27 27
0008_0011_0004_0029_0029.jpg 1 11 4 29 29
0009_0009_0003_0031_0031.jpg 1 9 3 31 31
0010_0009_0007_0033_0033.jpg 1 9 7 33 33
0011_0012_0013_0028_0028.jpg 1 12 13 28 28
0012_0019_0008_0027_0027.jpg 1 19 8 27 27
0013_0006_0003_0026_0026.jpg 1 6 3 26 26
0014_0019_0009_0027_0027.jpg 1 19 9 27 27
0015_0012_0010_0029_0029.jpg 1 12 10 29 29
0016_0012_0009_0033_0033.jpg 1 12 9 33 33
0017_0007_0006_0033_0033.jpg 1 7 6 33 33
0018_0008_0020_0025_0025.jpg 1 8 20 25 25
0019_0015_0016_0029_0029.jpg 1 15 16 29 29
0020_0019_0018_0025_0025.jpg 1 19 18 25 25
0021_0012_0015_0024_0024.jpg 1 12 15 24 24
0022_0016_0012_0030_0030.jpg 1 16 12 30 30
0023_0006_0012_0032_0032.jpg 1 6 12 32 32
0024_0013_0006_0033_0033.jpg 1 13 6 33 33
0025_0012_0009_0033_0033.jpg 1 12 9 33 33
0001_0018_0020_0026_0026.jpg 1 18 20 26 26
0002_0007_0008_0027_0027.jpg 1 7 8 27 27
0003_0013_0004_0033_0033.jpg 1 13 4 33 33
0004_0017_0019_0024_0024.jpg 1 17 19 24 24
0005_0002_0015_0028_0028.jpg 1 2 15 28 28
0006_0009_0002_0029_0029.jpg 1 9 2 29 29
0007_0011_0013_0029_0029.jpg 1 11 13 29 29
0008_0013_0005_0031_0031.jpg 1 13 5 31 31
0009_0012_0013_0028_0028.jpg 1 12 13 28 28
0010_0014_0014_0033_0033.jpg 1 14 14 33 33
0011_0013_0003_0034_0034.jpg 1 13 3 34 34
0012_0009_0002_0034_0034.jpg 1 9 2 34 34
0013_0013_0011_0033_0033.jpg 1 13 11 33 33
0014_0004_0015_0030_0030.jpg 1 4 15 30 30
0015_0005_0004_0029_0029.jpg 1 5 4 29 29
0016_0017_0016_0025_0025.jpg 1 17 16 25 25
0017_0015_0009_0032_0032.jpg 1 15 9 32 32
0018_0003_0010_0032_0032.jpg 1 3 10 32 32
0019_0012_0014_0027_0027.jpg 1 12 14 27 27
0020_0014_0002_0032_0032.jpg 1 14 2 32 32
0021_0012_0010_0033_0033.jpg 1 12 10 33 33
0022_0001_0008_0034_0034.jpg 1 1 8 34 34
0023_0015_0007_0030_0030.jpg 1 15 7 30 30
0024_0011_0012_0034_0034.jpg 1 11 12 34 34
0025_0013_0022_0025_0025.jpg 1 13 22 25 25
0001_0008_0013_0024_0024.jpg 1 8 13 24 24
0002_0005_0002_0031_0031.jpg 1 5 2 31 31
0003_0010_0014_0031_0031.jpg 1 10 14 31 31
0004_0015_0016_0030_0030.jpg 1 15 16 30 30
0005_0011_0019_0025_0025.jpg 1 11 19 25 25
0006_0006_0004_0030_0030.jpg 1 6 4 30 30
0007_0008_0011_0032_0032.jpg 1 8 11 32 32
0008_0016_0015_0028_0028.jpg 1 16 15 28 28
0009_0005_0006_0025_0025.jpg 1 5 6 25 25
0010_0006_0003_0025_0025.jpg 1 6 3 25 25
0011_0012_0009_0030_0030.jpg 1 12 9 30 30
0012_0012_0012_0034_0034.jpg 1 12 12 34 34
0013_0006_0006_0031_0031.jpg 1 6 6 31 31
0014_0008_0017_0030_0030.jpg 1 8 17 30 30
0015_0013_0016_0024_0024.jpg 1 13 16 24 24
0016_0003_0013_0028_0028.jpg 1 3 13 28 28
0017_0014_0015_0029_0029.jpg 1 14 15 29 29
0018_0019_0007_0027_0027.jpg 1 19 7 27 27
0019_0006_0011_0034_0034.jpg 1 6 11 34 34
0020_0014_0004_0033_0033.jpg 1 14 4 33 33
0021_0012_0019_0026_0026.jpg 1 12 19 26 26
0022_0009_0006_0026_0026.jpg 1 9 6 26 26
0023_0013_0012_0034_0034.jpg 1 13 12 34 34
0024_0012_0012_0025_0025.jpg 1 12 12 25 25
0025_0006_0013_0034_0034.jpg 1 6 13 34 34
0001_0008_0016_0029_0029.jpg 1 8 16 29 29
0002_0003_0001_0033_0033.jpg 1 3 1 33 33
0003_0002_0003_0033_0033.jpg 1 2 3 33 33
0004_0006_0005_0031_0031.jpg 1 6 5 31 31
0005_0015_0020_0026_0026.jpg 1 15 20 26 26
0006_0012_0013_0027_0027.jpg 1 12 13 27 27
0007_0009_0003_0024_0024.jpg 1 9 3 24 24
0008_0016_0011_0031_0031.jpg 1 16 11 31 31
0009_0005_0008_0029_0029.jpg 1 5 8 29 29
0010_0003_0015_0030_0030.jpg 1 3 15 30 30
0011_0019_0005_0027_0027.jpg 1 19 5 27 27
0012_0011_0010_0028_0028.jpg 1 11 10 28 28
0013_0016_0007_0024_0024.jpg 1 16 7 24 24
0014_0004_0009_0028_0028.jpg 1 4 9 28 28
0015_0004_0020_0027_0027.jpg 1 4 20 27 27
0016_0003_0014_0030_0030.jpg 1 3 14 30 30
0017_0014_0015_0025_0025.jpg 1 14 15 25 25
0018_0011_0005_0032_0032.jpg 1 11 5 32 32
0019_0016_0006_0031_0031.jpg 1 16 6 31 31
0020_0011_0019_0028_0028.jpg 1 11 19 28 28
0021_0010_0012_0031_0031.jpg 1 10 12 31 31
0022_0020_0002_0026_0026.jpg 1 20 2 26 26
0023_0005_0010_0034_0034.jpg 1 5 10 34 34
0024_0013_0004_0026_0026.jpg 1 13 4 26 26
0025_0004_0018_0024_0024.jpg 1 4 18 24 24
0001_0021_0003_0025_0025.jpg 1 21 3 25 25
0002_0008_0003_0033_0033.jpg 1 8 3 33 33
0003_0005_0013_0026_0026.jpg 1 5 13 26 26
0004_0020_0017_0024_0024.jpg 1 20 17 24 24
0005_0009_0010_0024_0024.jpg 1 9 10 24 24
0006_0011_0014_0030_0030.jpg 1 11 14 30 30
0007_0009_0016_0030_0030.jpg 1 9 16 30 30
0008_0006_0002_0029_0029.jpg 1 6 2 29 29
0009_0022_0007_0024_0024.jpg 1 22 7 24 24
0010_0004_0006_0034_0034.jpg 1 4 6 34 34
0011_0004_0013_0032_0032.jpg 1 4 13 32 32
0012_0015_0015_0024_0024.jpg 1 15 15 24 24
0013_0014_0019_0028_0028.jpg 1 14 19 28 28
0014_0015_0016_0025_0025.jpg 1 15 16 25 25
0015_0004_0005_0032_0032.jpg 1 4 5 32 32
0016_0007_0013_0029_0029.jpg 1 7 13 29 29
0017_0014_0014_0031_0031.jpg 1 14 14 31 31
0018_0021_0018_0024_0024.jpg 1 21 18 24 24
0019_0014_0006_0024_0024.jpg 1 14 6 24 24
0020_0017_0016_0029_0029.jpg 1 17 16 29 29
0021_0015_0009_0032_0032.jpg 1 15 9 32 32
0022_0006_0014_0034_0034.jpg 1 6 14 34 34
0023_0007_0012_0034_0034.jpg 1 7 12 34 34
0024_0004_0008_0025_0025.jpg 1 4 8 25 25
0025_0012_0008_0034_0034.jpg 1 12 8 34 34
0001_0010_0007_0033_0033.jpg 1 10 7 33 33
0002_0008_0005_0033_0033.jpg 1 8 5 33 33
0003_0013_0010_0024_0024.jpg 1 13 10 24 24
0004_0002_0005_0031_0031.jpg 1 2 5 31 31
0005_0012_0008_0030_0030.jpg 1 12 8 30 30
0006_0011_0011_0027_0027.jpg 1 11 11 27 27
0007_0003_0012_0028_0028.jpg 1 3 12 28 28
0008_0005_0017_0029_0029.jpg 1 5 17 29 29
0009_0012_0015_0026_0026.jpg 1 12 15 26 26
0010_0011_0017_0025_0025.jpg 1 11 17 25 25
0011_0005_0002_0033_0033.jpg 1 5 2 33 33
0012_0010_0019_0025_0025.jpg 1 10 19 25 25
0013_0012_0004_0024_0024.jpg 1 12 4 24 24
0014_0015_0017_0029_0029.jpg 1 15 17 29 29
0015_0001_0006_0032_0032.jpg 1 1 6 32 32
0016_0016_0014_0030_0030.jpg 1 16 14 30 30
0017_0014_0012_0032_0032.jpg 1 14 12 32 32
0018_0009_0003_0025_0025.jpg 1 9 3 25 25
0019_0009_0003_0027_0027.jpg 1 9 3 27 27
0020_0003_0015_0026_0026.jpg 1 3 15 26 26
0021_0006_0015_0026_0026.jpg 1 6 15 26 26
0022_0008_0013_0030_0030.jpg 1 8 13 30 30
0023_0011_0009_0033_0033.jpg 1 11 9 33 33
0024_0009_0009_0034_0034.jpg 1 9 9 34 34
0025_0004_0005_0032_0032.jpg 1 4 5 32 32
0001_0006_0017_0024_0024.jpg 1 6 17 24 24
0002_0019_0015_0024_0024.jpg 1 19 15 24 24
0003_0005_0017_0026_0026.jpg 1 5 17 26 26
0004_0006_0015_0031_0031.jpg 1 6 15 31 31
0005_0018_0007_0029_0029.jpg 1 18 7 29 29
0006_0004_0004_0027_0027.jpg 1 4 4 27 27
0007_0003_0003_0028_0028.jpg 1 3 3 28 28
0008_0004_0009_0031_0031.jpg 1 4 9 31 31
0009_0019_0012_0028_0028.jpg 1 19 12 28 28
0010_0015_0009_0032_0032.jpg 1 15 9 32 32
0011_0006_0003_0027_0027.jpg 1 6 3 27 27
0012_0017_0014_0029_0029.jpg 1 17 14 29 29
0013_0019_0015_0028_0028.jpg 1 19 15 28 28
0014_0006_0010_0024_0024.jpg 1 6 10 24 24
0015_0012_0003_0034_0034.jpg 1 12 3 34 34
0016_0017_0006_0026_0026.jpg 1 17 6 26 26
0017_0007_0018_0026_0026.jpg 1 7 18 26 26
0018_0019_0015_0024_0024.jpg 1 19 15 24 24
0019_0007_0007_0031_0031.jpg 1 7 7 31 31
0020_0015_0009_0025_0025.jpg 1 15 9 25 25
0021_0021_0021_0024_0024.jpg 1 21 21 24 24
0022_0014_0003_0029_0029.jpg 1 14 3 29 29
0023_0008_0010_0032_0032.jpg 1 8 10 32 32
0024_0010_0012_0024_0024.jpg 1 10 12 24 24
0025_0001_0015_0031_0031.jpg 1 1 15 31 31
0001_0016_0005_0029_0029.jpg 1 16 5 29 29
0002_0004_0013_0034_0034.jpg 1 4 13 34 34
0003_0006_0013_0028_0028.jpg 1 6 13 28 28
0004_0002_0007_0034_0034.jpg 1 2 7 34 34
0005_0015_0017_0026_0026.jpg 1 15 17 26 26
0006_0004_0011_0034_0034.jpg 1 4 11 34 34
0007_0010_0013_0024_0024.jpg 1 10 13 24 24
0008_0006_0013_0024_0024.jpg 1 6 13 24 24
0009_0014_0008_0028_0028.jpg 1 14 8 28 28
0010_0011_0007_0032_0032.jpg 1 11 7 32 32
0011_0013_0011_0030_0030.jpg 1 13 11 30 30
0012_0012_0005_0034_0034.jpg 1 12 5 34 34
0013_0003_0004_0025_0025.jpg 1 3 4 25 25
0014_0006_0007_0030_0030.jpg 1 6 7 30 30
0015_0011_0009_0032_0032.jpg 1 11 9 32 32
0016_0016_0011_0026_0026.jpg 1 16 11 26 26
0017_0007_0008_0031_0031.jpg 1 7 8 31 31
0018_0008_0009_0029_0029.jpg 1 8 9 29 29
0019_0012_0014_0028_0028.jpg 1 12 14 28 28
0020_0016_0014_0026_0026.jpg 1 16 14 26 26
0021_0007_0009_0034_0034.jpg 1 7 9 34 34
0022_0015_0005_0028_0028.jpg 1 15 5 28 28
0023_0017_0002_0029_0029.jpg 1 17 2 29 29
0024_0006_0007_0032_0032.jpg 1 6 7 32 32
0025_0016_0009_0025_0025.jpg 1 16 9 25 25
0001_0013_0013_0026_0026.jpg 1 13 13 26 26
0002_0003_0002_0034_0034.jpg 1 3 2 34 34
0003_0005_0019_0026_0026.jpg 1 5 19 26 26
0004_0005_0009_0030_0030.jpg 1 5 9 30 30
0005_0008_0005_0031_0031.jpg 1 8 5 31 31
0006_0002_0008_0024_0024.jpg 1 2 8 24 24
0007_0007_0016_0031_0031.jpg 1 7 16 31 31
0008_0009_0023_0024_0024.jpg 1 9 23 24 24
0009_0009_0010_0030_0030.jpg 1 9 10 30 30
0010_0014_0008_0024_0024.jpg 1 14 8 24 24
0011_0007_0020_0024_0024.jpg 1 7 20 24 24
0012_0005_0015_0032_0032.jpg 1 5 15 32 32
0013_0012_0009_0033_0033.jpg 1 12 9 33 33
0014_0017_0004_0026_0026.jpg 1 17 4 26 26
0015_0022_0003_0024_0024.jpg 1 22 3 24 24
0016_0006_0003_0027_0027.jpg 1 6 3 27 27
0017_0021_0022_0025_0025.jpg 1 21 22 25 25
0018_0015_0011_0030_0030.jpg 1 15 11 30 30
0019_0010_0016_0032_0032.jpg 1 10 16 32 32
0020_0002_0005_0025_0025.jpg 1 2 5 25 25
0021_0006_0004_0034_0034.jpg 1 6 4 34 34
0022_0004_0018_0025_0025.jpg 1 4 18 25 25
0023_0012_0007_0026_0026.jpg 1 12 7 26 26
0024_0005_0007_0031_0031.jpg 1 5 7 31 31
0025_0015_0008_0032_0032.jpg 1 15 8 32 32
0001_0017_0003_0030_0030.jpg 1 17 3 30 30
0002_0002_0012_0033_0033.jpg 1 2 12 33 33
0003_0015_0018_0029_0029.jpg 1 15 18 29 29
0004_0009_0002_0025_0025.jpg 1 9 2 25 25
0005_0012_0003_0032_0032.jpg 1 12 3 32 32
0006_0013_0013_0027_0027.jpg 1 13 13 27 27
0007_0017_0021_0026_0026.jpg 1 17 21 26 26
0008_0006_0013_0028_0028.jpg 1 6 13 28 28
0009_0009_0017_0028_0028.jpg 1 9 17 28 28
0010_0002_0003_0030_0030.jpg 1 2 3 30 30
0011_0007_0005_0026_0026.jpg 1 7 5 26 26
0012_0004_0006_0024_0024.jpg 1 4 6 24 24
0013_0007_0018_0027_0027.jpg 1 7 18 27 27
0014_0002_0012_0030_0030.jpg 1 2 12 30 30
0015_0012_0018_0028_0028.jpg 1 12 18 28 28
0016_0010_0005_0034_0034.jpg 1 10 5 34 34
0017_0002_0014_0027_0027.jpg 1 2 14 27 27
0018_0012_0004_0026_0026.jpg 1 12 4 26 26
0019_0014_0015_0033_0033.jpg 1 14 15 33 33
0020_0014_0016_0028_0028.jpg 1 14 16 28 28
0021_0006_0017_0026_0026.jpg 1 6 17 26 26
0022_0016_0007_0027_0027.jpg 1 16 7 27 27
0023_0014_0002_0029_0029.jpg 1 14 2 29 29
0024_0007_0016_0031_0031.jpg 1 7 16 31 31
0025_0014_0015_0030_0030.jpg 1 14 15 30 30
0001_0012_0008_0032_0032.jpg 1 12 8 32 32
0002_0015_0007_0032_0032.jpg 1 15 7 32 32
0003_0005_0006_0027_0027.jpg 1 5 6 27 27
0004_0009_0002_0027_0027.jpg 1 9 2 27 27
0005_0016_0002_0031_0031.jpg 1 16 2 31 31
0006_0007_0012_0028_0028.jpg 1 7 12 28 28
0007_0003_0017_0026_0026.jpg 1 3 17 26 26
0008_0003_0017_0026_0026.jpg 1 3 17 26 26
0009_0010_0014_0030_0030.jpg 1 10 14 30 30
0010_0006_0018_0027_0027.jpg 1 6 18 27 27
0011_0002_0007_0028_0028.jpg 1 2 7 28 28
0012_0008_0005_0034_0034.jpg 1 8 5 34 34
0013_0010_0010_0026_0026.jpg 1 10 10 26 26
0014_0014_0008_0027_0027.jpg 1 14 8 27 27
0015_0008_0011_0031_0031.jpg 1 8 11 31 31
0016_0020_0007_0025_0025.jpg 1 20 7 25 25
0017_0006_0005_0032_0032.jpg 1 6 5 32 32
0018_0014_0013_0029_0029.jpg 1 14 13 29 29
0019_0019_0004_0027_0027.jpg 1 19 4 27 27
0020_0010_0014_0028_0028.jpg 1 10 14 28 28
0021_0006_0019_0028_0028.jpg 1 6 19 28 28
0022_0005_0016_0027_0027.jpg 1 5 16 27 27
0023_0014_0008_0029_0029.jpg 1 14 8 29 29
0024_0007_0013_0034_0034.jpg 1 7 13 34 34
0025_0009_0015_0028_0028.jpg 1 9 15 28 28
0001_0011_0004_0028_0028.jpg 1 11 4 28 28
0002_0014_0005_0031_0031.jpg 1 14 5 31 31
0003_0003_0020_0024_0024.jpg 1 3 20 24 24
0004_0010_0009_0034_0034.jpg 1 10 9 34 34
0005_0018_0023_0024_0024.jpg 1 18 23 24 24
0006_0005_0008_0032_0032.jpg 1 5 8 32 32
0007_0009_0016_0028_0028.jpg 1 9 16 28 28
0008_0011_0004_0031_0031.jpg 1 11 4 31 31
0009_0010_0004_0030_0030.jpg 1 10 4 30 30
0010_0012_0010_0031_0031.jpg 1 12 10 31 31
0011_0017_0023_0024_0024.jpg 1 17 23 24 24
0012_0017_0014_0030_0030.jpg 1 17 14 30 30
0013_0022_0010_0025_0025.jpg 1 22 10 25 25
0014_0014_0017_0028_0028.jpg 1 14 17 28 28
0015_0008_0013_0034_0034.jpg 1 8 13 34 34
0016_0011_0009_0027_0027.jpg 1 11 9 27 27
0017_0004_0006_0024_0024.jpg 1 4 6 24 24
0018_0010_0009_0027_0027.jpg 1 10 9 27 27
0019_0007_0015_0028_0028.jpg 1 7 15 28 28
0020_0003_0007_0031_0031.jpg 1 3 7 31 31
0021_0009_0004_0024_0024.jpg 1 9 4 24 24
0022_0018_0007_0027_0027.jpg 1 18 7 27 27
0023_0006_0010_0029_0029.jpg 1 6 10 29 29
0024_0011_0008_0026_0026.jpg 1 11 8 26 26
0025_0012_0007_0032_0032.jpg 1 12 7 32 32
0001_0005_0008_0027_0027.jpg 1 5 8 27 27
0002_0015_0010_0029_0029.jpg 1 15 10 29 29
0003_0011_0006_0028_0028.jpg 1 11 6 28 28
0004_0010_0015_0028_0028.jpg 1 10 15 28 28
0005_0016_0003_0029_0029.jpg 1 16 3 29 29
0006_0009_0010_0031_0031.jpg 1 9 10 31 31
0007_0007_0012_0031_0031.jpg 1 7 12 31 31
0008_0015_0017_0030_0030.jpg 1 15 17 30 30
0009_0007_0005_0034_0034.jpg 1 7 5 34 34
0010_0003_0006_0028_0028.jpg 1 3 6 28 28
0011_0004_0011_0025_0025.jpg 1 4 11 25 25
0012_0013_0017_0027_0027.jpg 1 13 17 27 27
0013_0013_0011_0032_0032.jpg 1 13 11 32 32
0014_0005_0017_0026_0026.jpg 1 5 17 26 26
0015_0005_0008_0031_0031.jpg 1 5 8 31 31
0016_0010_0011_0033_0033.jpg 1 10 11 33 33
0017_0009_0012_0029_0029.jpg 1 9 12 29 29
0018_0014_0020_0025_0025.jpg 1 14 20 25 25
0019_0013_0013_0032_0032.jpg 1 13 13 32 32
0020_0012_0016_0027_0027.jpg 1 12 16 27 27
0021_0010_0008_0028_0028.jpg 1 10 8 28 28
0022_0017_0008_0024_0024.jpg 1 17 8 24 24
0023_0005_0002_0026_0026.jpg 1 5 2 26 26
0024_0013_0015_0027_0027.jpg 1 13 15 27 27
0025_0006_0016_0031_0031.jpg 1 6 16 31 31
0001_0004_0011_0024_0024.jpg 1 4 11 24 24
0002_0005_0013_0028_0028.jpg 1 5 13 28 28
0003_0006_0007_0025_0025.jpg 1 6 7 25 25
0004_0008_0005_0034_0034.jpg 1 8 5 34 34
0005_0004_0018_0029_0029.jpg 1 4 18 29 29
0006_0018_0006_0028_0028.jpg 1 18 6 28 28
0007_0022_0022_0024_0024.jpg 1 22 22 24 24
0008_0019_0011_0025_0025.jpg 1 19 11 25 25
0009_0011_0007_0029_0029.jpg 1 11 7 29 29
0010_0005_0011_0025_0025.jpg 1 5 11 25 25
0011_0011_0014_0024_0024.jpg 1 11 14 24 24
0012_0009_0016_0031_0031.jpg 1 9 16 31 31
0013_0015_0019_0024_0024.jpg 1 15 19 24 24
0014_0008_0003_0031_0031.jpg 1 8 3 31 31
0015_0011_0005_0029_0029.jpg 1 11 5 29 29
0016_0017_0007_0029_0029.jpg 1 17 7 29 29
0017_0004_0002_0029_0029.jpg 1 4 2 29 29
0018_0012_0008_0030_0030.jpg 1 12 8 30 30
0019_0008_0009_0028_0028.jpg 1 8 9 28 28
0020_0013_0017_0027_0027.jpg 1 13 17 27 27
0021_0014_0009_0033_0033.jpg 1 14 9 33 33
0022_0009_0010_0032_0032.jpg 1 9 10 32 32
0023_0010_0004_0034_0034.jpg 1 10 4 34 34
0024_0013_0003_0027_0027.jpg 1 13 3 27 27
0025_0018_0010_0025_0025.jpg 1 18 10 25 25
0001_0008_0007_0027_0027.jpg 1 8 7 27 27
0002_0010_0005_0033_0033.jpg 1 10 5 33 33
0003_0012_0003_0029_0029.jpg 1 12 3 29 29
0004_0006_0020_0025_0025.jpg 1 6 20 25 25
0005_0010_0010_0030_0030.jpg 1 10 10 30 30
0006_0009_0010_0032_0032.jpg 1 9 10 32 32
0007_0002_0003_0026_0026.jpg 1 2 3 26 26
0008_0003_0012_0032_0032.jpg 1 3 12 32 32
0009_0009_0003_0034_0034.jpg 1 9 3 34 34
0010_0005_0002_0031_0031.jpg 1 5 2 31 31
0011_0012_0004_0027_0027.jpg 1 12 4 27 27
0012_0004_0010_0032_0032.jpg 1 4 10 32 32
0013_0006_0008_0034_0034.jpg 1 6 8 34 34
0014_0016_0005_0031_0031.jpg 1 16 5 31 31
0015_0018_0008_0025_0025.jpg 1 18 8 25 25
0016_0010_0008_0033_0033.jpg 1 10 8 33 33
0017_0009_0013_0025_0025.jpg 1 9 13 25 25
0018_0015_0009_0029_0029.jpg 1 15 9 29 29
0019_0021_0016_0024_0024.jpg 1 21 16 24 24
0020_0018_0012_0025_0025.jpg 1 18 12 25 25
0021_0018_0005_0029_0029.jpg 1 18 5 29 29
0022_0016_0007_0029_0029.jpg 1 16 7 29 29
0023_0019_0016_0027_0027.jpg 1 19 16 27 27
0024_0018_0017_0028_0028.jpg 1 18 17 28 28
0025_0003_0006_0032_0032.jpg 1 3 6 32 32
0001_0003_0006_0024_0024.jpg 1 3 6 24 24
0002_0003_0019_0027_0027.jpg 1 3 19 27 27
0003_0020_0008_0027_0027.jpg 1 20 8 27 27
0004_0012_0006_0033_0033.jpg 1 12 6 33 33
0005_0018_0022_0024_0024.jpg 1 18 22 24 24
0006_0012_0010_0032_0032.jpg 1 12 10 32 32
0007_0013_0015_0031_0031.jpg 1 13 15 31 31
0008_0009_0012_0024_0024.jpg 1 9 12 24 24
0009_0003_0005_0026_0026.jpg 1 3 5 26 26
0010_0002_0018_0029_0029.jpg 1 2 18 29 29
0011_0005_0013_0028_0028.jpg 1 5 13 28 28
0012_0010_0018_0025_0025.jpg 1 10 18 25 25
0013_0012_0008_0034_0034.jpg 1 12 8 34 34
0014_0008_0013_0030_0030.jpg 1 8 13 30 30
0015_0003_0006_0034_0034.jpg 1 3 6 34 34
0016_0002_0005_0032_0032.jpg 1 2 5 32 32
0017_0005_0021_0024_0024.jpg 1 5 21 24 24
0018_0009_0002_0032_0032.jpg 1 9 2 32 32
0019_0014_0011_0034_0034.jpg 1 14 11 34 34
0020_0021_0020_0026_0026.jpg 1 21 20 26 26
0021_0014_0010_0029_0029.jpg 1 14 10 29 29
0022_0018_0020_0026_0026.jpg 1 18 20 26 26
0023_0012_0013_0032_0032.jpg 1 12 13 32 32
0024_0003_0022_0024_0024.jpg 1 3 22 24 24
0025_0012_0004_0034_0034.jpg 1 12 4 34 34
0001_0004_0011_0026_0026.jpg 1 4 11 26 26
0002_0021_0019_0025_0025.jpg 1 21 19 25 25
0003_0004_0006_0029_0029.jpg 1 4 6 29 29
0004_0014_0012_0027_0027.jpg 1 14 12 27 27
0005_0004_0017_0030_0030.jpg 1 4 17 30 30
0006_0008_0012_0034_0034.jpg 1 8 12 34 34
0007_0012_0004_0030_0030.jpg 1 12 4 30 30
0008_0010_0010_0033_0033.jpg 1 10 10 33 33
0009_0006_0008_0030_0030.jpg 1 6 8 30 30
0010_0018_0008_0028_0028.jpg 1 18 8 28 28
0011_0002_0007_0034_0034.jpg 1 2 7 34 34
0012_0007_0013_0031_0031.jpg 1 7 13 31 31
0013_0003_0004_0034_0034.jpg 1 3 4 34 34
0014_0012_0010_0031_0031.jpg 1 12 10 31 31
0015_0002_0010_0028_0028.jpg 1 2 10 28 28
0016_0012_0014_0029_0029.jpg 1 12 14 29 29
0017_0019_0005_0028_0028.jpg 1 19 5 28 28
0018_0011_0015_0028_0028.jpg 1 11 15 28 28
0019_0016_0017_0029_0029.jpg 1 16 17 29 29
0020_0005_0013_0029_0029.jpg 1 5 13 29 29
0021_0001_0004_0033_0033.jpg 1 1 4 33 33
0022_0015_0014_0031_0031.jpg 1 15 14 31 31
0023_0005_0015_0028_0028.jpg 1 5 15 28 28
0024_0006_0005_0030_0030.jpg 1 6 5 30 30
0025_0008_0012_0024_0024.jpg 1 8 12 24 24
0001_0014_0001_0032_0032.jpg 1 14 1 32 32
0002_0007_0007_0031_0031.jpg 1 7 7 31 31
0003_0019_0018_0027_0027.jpg 1 19 18 27 27
0004_0005_0019_0027_0027.jpg 1 5 19 27 27
0005_0015_0017_0025_0025.jpg 1 15 17 25 25
0006_0002_0002_0033_0033.jpg 1 2 2 33 33
0007_0009_0021_0025_0025.jpg 1 9 21 25 25
0008_0016_0008_0031_0031.jpg 1 16 8 31 31
0009_0012_0004_0034_0034.jpg 1 12 4 34 34
0010_0019_0009_0025_0025.jpg 1 19 9 25 25
0011_0006_0008_0024_0024.jpg 1 6 8 24 24
0012_0014_0006_0033_0033.jpg 1 14 6 33 33
0013_0007_0004_0033_0033.jpg 1 7 4 33 33
0014_0009_0004_0031_0031.jpg 1 9 4 31 31
0015_0002_0012_0028_0028.jpg 1 2 12 28 28
0016_0009_0017_0024_0024.jpg 1 9 17 24 24
0017_0005_0015_0030_0030.jpg 1 5 15 30 30
0018_0015_0005_0033_0033.jpg 1 15 5 33 33
0019_0010_0013_0028_0028.jpg 1 10 13 28 28
0020_0011_0008_0033_0033.jpg 1 11 8 33 33
0021_0004_0015_0030_0030.jpg 1 4 15 30 30
0022_0012_0010_0033_0033.jpg 1 12 10 33 33
0023_0016_0006_0031_0031.jpg 1 16 6 31 31
0024_0015_0006_0025_0025.jpg 1 15 6 25 25
0025_0017_0013_0030_0030.jpg 1 17 13 30 30
0001_0003_0012_0034_0034.jpg 1 3 12 34 34
0002_0013_0009_0031_0031.jpg 1 13 9 31 31
0003_0008_0005_0025_0025.jpg 1 8 5 25 25
0004_0006_0018_0028_0028.jpg 1 6 18 28 28
0005_0005_0009_0034_0034.jpg 1 5 9 34 34
0006_0003_0014_0031_0031.jpg 1 3 14 31 31
0007_0006_0014_0033_0033.jpg 1 6 14 33 33
0008_0013_0010_0028_0028.jpg 1 13 10 28 28
0009_0008_0002_0024_0024.jpg 1 8 2 24 24
0010_0003_0009_0025_0025.jpg 1 3 9 25 25
0011_0006_0002_0033_0033.jpg 1 6 2 33 33
0012_0016_0008_0026_0026.jpg 1 16 8 26 26
0013_0004_0012_0025_0025.jpg 1 4 12 25 25
0014_0013_0014_0026_0026.jpg 1 13 14 26 26
0015_0008_0011_0030_0030.jpg 1 8 11 30 30
0016_0015_0014_0025_0025.jpg 1 15 14 25 25
0017_0003_0015_0025_0025.jpg 1 3 15 25 25
0018_0007_0015_0031_0031.jpg 1 7 15 31 31
0019_0007_0003_0031_0031.jpg 1 7 3 31 31
0020_0007_0012_0034_0034.jpg 1 7 12 34 34
0021_0007_0004_0024_0024.jpg 1 7 4 24 24
0022_0013_0002_0034_0034.jpg 1 13 2 34 34
0023_0014_0014_0032_0032.jpg 1 14 14 32 32
0024_0011_0004_0030_0030.jpg 1 11 4 30 30
0025_0013_0008_0031_0031.jpg 1 13 8 31 31
0001_0009_0003_0034_0034.jpg 1 9 3 34 34
0002_0011_0014_0030_0030.jpg 1 11 14 30 30
0003_0004_0015_0026_0026.jpg 1 4 15 26 26
0004_0019_0019_0028_0028.jpg 1 19 19 28 28
0005_0017_0003_0028_0028.jpg 1 17 3 28 28
0006_0010_0016_0024_0024.jpg 1 10 16 24 24
0007_0010_0012_0033_0033.jpg 1 10 12 33 33
0008_0017_0014_0030_0030.jpg 1 17 14 30 30
0009_0008_0015_0033_0033.jpg 1 8 15 33 33
0010_0009_0014_0027_0027.jpg 1 9 14 27 27
0011_0021_0017_0026_0026.jpg 1 21 17 26 26
0012_0002_0012_0029_0029.jpg 1 2 12 29 29
0013_0022_0008_0025_0025.jpg 1 22 8 25 25
0014_0016_0004_0029_0029.jpg 1 16 4 29 29
0015_0010_0006_0033_0033.jpg 1 10 6 33 33
0016_0005_0007_0028_0028.jpg 1 5 7 28 28
0017_0002_0003_0033_0033.jpg 1 2 3 33 33
0018_0010_0013_0025_0025.jpg 1 10 13 25 25
0019_0006_0009_0034_0034.jpg 1 6 9 34 34
0020_0015_0015_0027_0027.jpg 1 15 15 27 27
0021_0011_0013_0032_0032.jpg 1 11 13 32 32
0022_0010_0009_0031_0031.jpg 1 10 9 31 31
0023_0002_0017_0028_0028.jpg 1 2 17 28 28
0024_0009_0009_0034_0034.jpg 1 9 9 34 34
0025_0013_0008_0032_0032.jpg 1 13 8 32 32
0001_0012_0006_0026_0026.jpg 1 12 6 26 26
0002_0011_0018_0029_0029.jpg 1 11 18 29 29
0003_0014_0014_0030_0030.jpg 1 14 14 30 30
0004_0009_0008_0034_0034.jpg 1 9 8 34 34
0005_0007_0012_0024_0024.jpg 1 7 12 24 24
0006_0008_0008_0033_0033.jpg 1 8 8 33 33
0007_0012_0008_0030_0030.jpg 1 12 8 30 30
0008_0014_0003_0027_0027.jpg 1 14 3 27 27
0009_0010_0002_0032_0032.jpg 1 10 2 32 32
0010_0013_0009_0032_0032.jpg 1 13 9 32 32
0011_0009_0005_0033_0033.jpg 1 9 5 33 33
0012_0005_0021_0025_0025.jpg 1 5 21 25 25
0013_0010_0008_0029_0029.jpg 1 10 8 29 29
0014_0014_0011_0030_0030.jpg 1 14 11 30 30
0015_0003_0005_0032_0032.jpg 1 3 5 32 32
0016_0008_0015_0031_0031.jpg 1 8 15 31 31
0017_0012_0011_0030_0030.jpg 1 12 11 30 30
0018_0006_0003_0031_0031.jpg 1 6 3 31 31
0019_0016_0003_0027_0027.jpg 1 16 3 27 27
0020_0014_0006_0033_0033.jpg 1 14 6 33 33
0021_0007_0010_0026_0026.jpg 1 7 10 26 26
0022_0015_0016_0030_0030.jpg 1 15 16 30 30
0023_0005_0002_0031_0031.jpg 1 5 2 31 31
0024_0006_0004_0030_0030.jpg 1 6 4 30 30
0025_0018_0012_0027_0027.jpg 1 18 12 27 27
0001_0012_0017_0030_0030.jpg 1 12 17 30 30
0002_0001_0004_0033_0033.jpg 1 1 4 33 33
0003_0005_0009_0034_0034.jpg 1 5 9 34 34
0004_0008_0014_0028_0028.jpg 1 8 14 28 28
0005_0016_0012_0029_0029.jpg 1 16 12 29 29
0006_0005_0003_0033_0033.jpg 1 5 3 33 33
0007_0014_0008_0028_0028.jpg 1 14 8 28 28
0008_0003_0009_0033_0033.jpg 1 3 9 33 33
0009_0014_0011_0033_0033.jpg 1 14 11 33 33
0010_0006_0012_0033_0033.jpg 1 6 12 33 33
0011_0010_0016_0029_0029.jpg 1 10 16 29 29
0012_0015_0021_0025_0025.jpg 1 15 21 25 25
0013_0002_0011_0028_0028.jpg 1 2 11 28 28
0014_0006_0021_0024_0024.jpg 1 6 21 24 24
0015_0006_0008_0030_0030.jpg 1 6 8 30 30
0016_0013_0004_0024_0024.jpg 1 13 4 24 24
0017_0016_0011_0031_0031.jpg 1 16 11 31 31
0018_0011_0010_0034_0034.jpg 1 11 10 34 34
0019_0014_0010_0032_0032.jpg 1 14 10 32 32
0020_0011_0005_0033_0033.jpg 1 11 5 33 33
0021_0009_0008_0027_0027.jpg 1 9 8 27 27
0022_0009_0002_0024_0024.jpg 1 9 2 24 24
0023_0015_0015_0026_0026.jpg 1 15 15 26 26
0024_0010_0017_0030_0030.jpg 1 10 17 30 30
0025_0007_0020_0024_0024.jpg 1 7 20 24 24
0001_0002_0008_0034_0034.jpg 1 2 8 34 34
0002_0007_0007_0032_0032.jpg 1 7 7 32 32
0003_0015_0011_0032_0032.jpg 1 15 11 32 32
0004_0018_0014_0028_0028.jpg 1 18 14 28 28
0005_0003_0009_0030_0030.jpg 1 3 9 30 30
0006_0007_0018_0024_0024.jpg 1 7 18 24 24
0007_0006_0002_0032_0032.jpg 1 6 2 32 32
0008_0003_0011_0028_0028.jpg 1 3 11 28 28
0009_0008_0010_0033_0033.jpg 1 8 10 33 33
0010_0005_0006_0034_0034.jpg 1 5 6 34 34
0011_0016_0012_0031_0031.jpg 1 16 12 31 31
0012_0020_0022_0024_0024.jpg 1 20 22 24 24
0013_0002_0008_0026_0026.jpg 1 2 8 26 26
0014_0022_0008_0024_0024.jpg 1 22 8 24 24
0015_0008_0004_0031_0031.jpg 1 8 4 31 31
0016_0009_0006_0028_0028.jpg 1 9 6 28 28
0017_0011_0022_0025_0025.jpg 1 11 22 25 25
0018_0004_0011_0031_0031.jpg 1 4 11 31 31
0019_0011_0005_0027_0027.jpg 1 11 5 27 27
0020_0003_0001_0034_0034.jpg 1 3 1 34 34
0021_0012_0005_0031_0031.jpg 1 12 5 31 31
0022_0003_0014_0033_0033.jpg 1 3 14 33 33
0023_0010_0003_0033_0033.jpg 1 10 3 33 33
0024_0009_0003_0030_0030.jpg 1 9 3 30 30
0025_0013_0007_0026_0026.jpg 1 13 7 26 26
0001_0020_0013_0026_0026.jpg 1 20 13 26 26
0002_0007_0010_0031_0031.jpg 1 7 10 31 31
0003_0014_0017_0025_0025.jpg 1 14 17 25 25
0004_0003_0006_0028_0028.jpg 1 3 6 28 28
0005_0002_0011_0026_0026.jpg 1 2 11 26 26
0006_0009_0015_0029_0029.jpg 1 9 15 29 29
0007_0020_0010_0026_0026.jpg 1 20 10 26 26
0008_0011_0015_0030_0030.jpg 1 11 15 30 30
0009_0007_0014_0026_0026.jpg 1 7 14 26 26
0010_0008_0008_0029_0029.jpg 1 8 8 29 29
0011_0014_0014_0032_0032.jpg 1 14 14 32 32
0012_0007_0017_0028_0028.jpg 1 7 17 28 28
0013_0015_0003_0029_0029.jpg 1 15 3 29 29
0014_0006_0012_0032_0032.jpg 1 6 12 32 32
0015_0015_0021_0024_0024.jpg 1 15 21 24 24
0016_0014_0015_0024_0024.jpg 1 14 15 24 24
0017_0004_0007_0029_0029.jpg 1 4 7 29 29
0018_0019_0009_0024_0024.jpg 1 19 9 24 24
0019_0003_0018_0029_0029.jpg 1 3 18 29 29
0020_0008_0007_0026_0026.jpg 1 8 7 26 26
0021_0017_0002_0028_0028.jpg 1 17 2 28 28
0022_0010_0009_0034_0034.jpg 1 10 9 34 34
0023_0002_0005_0030_0030.jpg 1 2 5 30 30
0024_0017_0003_0025_0025.jpg 1 17 3 25 25
0025_0003_0019_0026_0026.jpg 1 3 19 26 26
0001_0017_0004_0029_0029.jpg 1 17 4 29 29
0002_0014_0013_0030_0030.jpg 1 14 13 30 30
0003_0016_0007_0028_0028.jpg 1 16 7 28 28
0004_0018_0019_0024_0024.jpg 1 18 19 24 24
0005_0013_0014_0034_0034.jpg 1 13 14 34 34
0006_0014_0007_0029_0029.jpg 1 14 7 29 29
0007_0017_0019_0025_0025.jpg 1 17 19 25 25
0008_0019_0007_0026_0026.jpg 1 19 7 26 26
0009_0009_0003_0030_0030.jpg 1 9 3 30 30
0010_0018_0003_0029_0029.jpg 1 18 3 29 29
0011_0002_0007_0032_0032.jpg 1 2 7 32 32
0012_0010_0004_0034_0034.jpg 1 10 4 34 34
0013_0003_0013_0027_0027.jpg 1 3 13 27 27
0014_0013_0013_0032_0032.jpg 1 13 13 32 32
0015_0004_0014_0033_0033.jpg 1 4 14 33 33
0016_0012_0011_0029_0029.jpg 1 12 11 29 29
0017_0015_0007_0033_0033.jpg 1 15 7 33 33
0018_0008_0008_0031_0031.jpg 1 8 8 31 31
0019_0012_0003_0028_0028.jpg 1 12 3 28 28
0020_0018_0022_0025_0025.jpg 1 18 22 25 25
0021_0003_0009_0024_0024.jpg 1 3 9 24 24
0022_0003_0019_0027_0027.jpg 1 3 19 27 27
0023_0014_0010_0029_0029.jpg 1 14 10 29 29
0024_0005_0008_0024_0024.jpg 1 5 8 24 24
0025_0003_0009_0032_0032.jpg 1 3 9 32 32
0001_0004_0012_0026_0026.jpg 1 4 12 26 26
0002_0005_0015_0030_0030.jpg 1 5 15 30 30
0003_0015_0013_0026_0026.jpg 1 15 13 26 26
0004_0014_0014_0031_0031.jpg 1 14 14 31 31
0005_0003_0013_0033_0033.jpg 1 3 13 33 33
0006_0021_0007_0024_0024.jpg 1 21 7 24 24
0007_0009_0010_0029_0029.jpg 1 9 10 29 29
0008_0016_0004_0032_0032.jpg 1 16 4 32 32
0009_0011_0010_0032_0032.jpg 1 11 10 32 32
0010_0017_0015_0025_0025.jpg 1 17 15 25 25
0011_0009_0003_0024_0024.jpg 1 9 3 24 24
0012_0016_0012_0028_0028.jpg 1 16 12 28 28
0013_0010_0010_0024_0024.jpg 1 10 10 24 24
0014_0015_0011_0031_0031.jpg 1 15 11 31 31
0015_0011_0007_0027_0027.jpg 1 11 7 27 27
0016_0004_0004_0027_0027.jpg 1 4 4 27 27
0017_0012_0015_0024_0024.jpg 1 12 15 24 24
0018_0003_0002_0029_0029.jpg 1 3 2 29 29
0019_0010_0012_0034_0034.jpg 1 10 12 34 34
0020_0017_0014_0030_0030.jpg 1 17 14 30 30
0021_0002_0004_0031_0031.jpg 1 2 4 31 31
0022_0012_0007_0030_0030.jpg 1 12 7 30 30
0023_0002_0016_0029_0029.jpg 1 2 16 29 29
0024_0005_0006_0031_0031.jpg 1 5 6 31 31
0025_0005_0011_0034_0034.jpg 1 5 11 34 34
0001_0009_0017_0026_0026.jpg 1 9 17 26 26
0002_0012_0016_0025_0025.jpg 1 12 16 25 25
0003_0005_0005_0031_0031.jpg 1 5 5 31 31
0004_0011_0006_0029_0029.jpg 1 11 6 29 29
0005_0014_0003_0027_0027.jpg 1 14 3 27 27
0006_0013_0012_0024_0024.jpg 1 13 12 24 24
0007_0004_0015_0028_0028.jpg 1 4 15 28 28
0008_0014_0022_0025_0025.jpg 1 14 22 25 25
0009_0007_0016_0031_0031.jpg 1 7 16 31 31
0010_0015_0005_0032_0032.jpg 1 15 5 32 32
0011_0002_0005_0034_0034.jpg 1 2 5 34 34
0012_0003_0016_0031_0031.jpg 1 3 16 31 31
0013_0004_0003_0032_0032.jpg 1 4 3 32 32
0014_0006_0005_0033_0033.jpg 1 6 5 33 33
0015_0006_0009_0034_0034.jpg 1 6 9 34 34
0016_0006_0009_0031_0031.jpg 1 6 9 31 31
0017_0007_0004_0029_0029.jpg 1 7 4 29 29
0018_0003_0019_0024_0024.jpg 1 3 19 24 24
0019_0007_0013_0032_0032.jpg 1 7 13 32 32
0020_0014_0004_0029_0029.jpg 1 14 4 29 29
0021_0005_0012_0034_0034.jpg 1 5 12 34 34
0022_0015_0019_0025_0025.jpg 1 15 19 25 25
0023_0011_0013_0031_0031.jpg 1 11 13 31 31
0024_0004_0003_0025_0025.jpg 1 4 3 25 25
0025_0018_0003_0028_0028.jpg 1 18 3 28 28
0001_0012_0009_0028_0028.jpg 1 12 9 28 28
0002_0014_0003_0029_0029.jpg 1 14 3 29 29
0003_0008_0002_0030_0030.jpg 1 8 2 30 30
0004_0015_0013_0030_0030.jpg 1 15 13 30 30
0005_0020_0017_0024_0024.jpg 1 20 17 24 24
0006_0018_0011_0024_0024.jpg 1 18 11 24 24
0007_0014_0016_0026_0026.jpg 1 14 16 26 26
0008_0008_0012_0032_0032.jpg 1 8 12 32 32
0009_0010_0003_0029_0029.jpg 1 10 3 29 29
0010_0004_0003_0030_0030.jpg 1 4 3 30 30
0011_0017_0016_0029_0029.jpg 1 17 16 29 29
0012_0006_0013_0033_0033.jpg 1 6 13 33 33
0013_0001_0013_0033_0033.jpg 1 1 13 33 33
0014_0010_0016_0028_0028.jpg 1 10 16 28 28
0015_0016_0009_0028_0028.jpg 1 16 9 28 28
0016_0006_0008_0032_0032.jpg 1 6 8 32 32
0017_0017_0017_0026_0026.jpg 1 17 17 26 26
0018_0010_0003_0026_0026.jpg 1 10 3 26 26
0019_0013_0002_0034_0034.jpg 1 13 2 34 34
0020_0007_0003_0028_0028.jpg 1 7 3 28 28
0021_0014_0009_0033_0033.jpg 1 14 9 33 33
0022_0012_0007_0025_0025.jpg 1 12 7 25 25
0023_0008_0004_0029_0029.jpg 1 8 4 29 29
0024_0007_0015_0026_0026.jpg 1 7 15 26 26
0025_0011_0011_0032_0032.jpg 1 11 11 32 32
0001_0004_0007_0034_0034.jpg 1 4 7 34 34
0002_0013_0016_0025_0025.jpg 1 13 16 25 25
0003_0013_0019_0025_0025.jpg 1 13 19 25 25
0004_0013_0008_0034_0034.jpg 1 13 8 34 34
0005_0015_0015_0029_0029.jpg 1 15 15 29 29
0006_0016_0015_0025_0025.jpg 1 16 15 25 25
0007_0008_0014_0027_0027.jpg 1 8 14 27 27
0008_0016_0008_0026_0026.jpg 1 16 8 26 26
0009_0014_0007_0026_0026.jpg 1 14 7 26 26
0010_0014_0006_0033_0033.jpg 1 14 6 33 33
0011_0016_0005_0032_0032.jpg 1 16 5 32 32
0012_0014_0008_0024_0024.jpg 1 14 8 24 24
0013_0013_0016_0029_0029.jpg 1 13 16 29 29
0014_0016_0002_0029_0029.jpg 1 16 2 29 29
0015_0008_0010_0033_0033.jpg 1 8 10 33 33
0016_0005_0007_0034_0034.jpg 1 5 7 34 34
0017_0017_0015_0025_0025.jpg 1 17 15 25 25
0018_0005_0015_0032_0032.jpg 1 5 15 32 32
0019_0012_0015_0032_0032.jpg 1 12 15 32 32
0020_0006_0010_0033_0033.jpg 1 6 10 33 33
0021_0009_0008_0030_0030.jpg 1 9 8 30 30
0022_0017_0006_0024_0024.jpg 1 17 6 24 24
0023_0021_0010_0026_0026.jpg 1 21 10 26 26
0024_0015_0014_0032_0032.jpg 1 15 14 32 32
0025_0008_0003_0034_0034.jpg 1 8 3 34 34
0001_0006_0007_0031_0031.jpg 1 6 7 31 31
0002_0020_0020_0025_0025.jpg 1 20 20 25 25
0003_0016_0017_0026_0026.jpg 1 16 17 26 26
0004_0010_0016_0031_0031.jpg 1 10 16 31 31
0005_0003_0004_0029_0029.jpg 1 3 4 29 29
0006_0013_0012_0025_0025.jpg 1 13 12 25 25
0007_0013_0006_0025_0025.jpg 1 13 6 25 25
0008_0019_0011_0025_0025.jpg 1 19 11 25 25
0009_0020_0009_0026_0026.jpg 1 20 9 26 26
0010_0008_0011_0032_0032.jpg 1 8 11 32 32
0011_0005_0002_0033_0033.jpg 1 5 2 33 33
0012_0021_0010_0024_0024.jpg 1 21 10 24 24
0013_0015_0014_0032_0032.jpg 1 15 14 32 32
0014_0011_0002_0029_0029.jpg 1 11 2 29 29
0015_0004_0005_0033_0033.jpg 1 4 5 33 33
0016_0009_0012_0028_0028.jpg 1 9 12 28 28
0017_0011_0003_0034_0034.jpg 1 11 3 34 34
0018_0003_0022_0024_0024.jpg 1 3 22 24 24
0019_0016_0007_0027_0027.jpg 1 16 7 27 27
0020_0011_0013_0033_0033.jpg 1 11 13 33 33
0021_0004_0005_0028_0028.jpg 1 4 5 28 28
0022_0018_0018_0024_0024.jpg 1 18 18 24 24
0023_0009_0011_0032_0032.jpg 1 9 11 32 32
0024_0014_0016_0027_0027.jpg 1 14 16 27 27
0025_0010_0004_0028_0028.jpg 1 10 4 28 28
0001_0010_0015_0028_0028.jpg 1 10 15 28 28
0002_0007_0010_0030_0030.jpg 1 7 10 30 30
0003_0012_0002_0030_0030.jpg 1 12 2 30 30
0004_0014_0011_0027_0027.jpg 1 14 11 27 27
0005_0005_0001_0034_0034.jpg 1 5 1 34 34
0006_0014_0017_0030_0030.jpg 1 14 17 30 30
0007_0008_0009_0030_0030.jpg 1 8 9 30 30
0008_0004_0011_0032_0032.jpg 1 4 11 32 32
0009_0009_0008_0033_0033.jpg 1 9 8 33 33
0010_0012_0019_0028_0028.jpg 1 12 19 28 28
0011_0005_0008_0031_0031.jpg 1 5 8 31 31
0012_0011_0008_0028_0028.jpg 1 11 8 28 28
0013_0013_0009_0027_0027.jpg 1 13 9 27 27
0014_0006_0009_0030_0030.jpg 1 6 9 30 30
0015_0005_0007_0027_0027.jpg 1 5 7 27 27
0016_0010_0005_0030_0030.jpg 1 10 5 30 30
0017_0016_0016_0024_0024.jpg 1 16 16 24 24
0018_0006_0013_0032_0032.jpg 1 6 13 32 32
0019_0004_0009_0029_0029.jpg 1 4 9 29 29
0020_0016_0017_0029_0029.jpg 1 16 17 29 29
0021_0006_0016_0027_0027.jpg 1 6 16 27 27
0022_0003_0003_0028_0028.jpg 1 3 3 28 28
0023_0006_0018_0025_0025.jpg 1 6 18 25 25
0024_0007_0003_0031_0031.jpg 1 7 3 31 31
0025_0013_0009_0029_0029.jpg 1 13 9 29 29
0001_0007_0002_0033_0033.jpg 1 7 2 33 33
0002_0005_0009_0024_0024.jpg 1 5 9 24 24
0003_0010_0012_0025_0025.jpg 1 10 12 25 25
0004_0008_0021_0025_0025.jpg 1 8 21 25 25
0005_0012_0005_0031_0031.jpg 1 12 5 31 31
0006_0006_0018_0024_0024.jpg 1 6 18 24 24
0007_0009_0018_0028_0028.jpg 1 9 18 28 28
0008_0011_0015_0027_0027.jpg 1 11 15 27 27
0009_0002_0002_0032_0032.jpg 1 2 2 32 32
0010_0002_0009_0031_0031.jpg 1 2 9 31 31
0011_0010_0013_0024_0024.jpg 1 10 13 24 24
0012_0003_0022_0024_0024.jpg 1 3 22 24 24
0013_0011_0009_0034_0034.jpg 1 11 9 34 34
0014_0019_0007_0027_0027.jpg 1 19 7 27 27
0015_0013_0003_0034_0034.jpg 1 13 3 34 34
0016_0012_0012_0027_0027.jpg 1 12 12 27 27
0017_0007_0009_0030_0030.jpg 1 7 9 30 30
0018_0020_0010_0027_0027.jpg 1 20 10 27 27
0019_0008_0006_0026_0026.jpg 1 8 6 26 26
0020_0008_0003_0032_0032.jpg 1 8 3 32 32
0021_0004_0004_0033_0033.jpg 1 4 4 33 33
0022_0004_0012_0034_0034.jpg 1 4 12 34 34
0023_0003_0008_0032_0032.jpg 1 3 8 32 32
0024_0020_0013_0027_0027.jpg 1 20 13 27 27
0025_0007_0012_0028_0028.jpg 1 7 12 28 28
0001_0014_0011_0032_0032.jpg 1 14 11 32 32
0002_0002_0013_0032_0032.jpg 1 2 13 32 32
0003_0003_0009_0033_0033.jpg 1 3 9 33 33
0004_0011_0004_0033_0033.jpg 1 11 4 33 33
0005_0015_0015_0031_0031.jpg 1 15 15 31 31
0006_0008_0013_0024_0024.jpg 1 8 13 24 24
0007_0011_0015_0032_0032.jpg 1 11 15 32 32
0008_0010_0014_0033_0033.jpg 1 10 14 33 33
0009_0012_0005_0033_0033.jpg 1 12 5 33 33
0010_0018_0013_0024_0024.jpg 1 18 13 24 24
0011_0014_0009_0031_0031.jpg 1 14 9 31 31
0012_0015_0003_0031_0031.jpg 1 15 3 31 31
0013_0009_0008_0025_0025.jpg 1 9 8 25 25
0014_0019_0022_0024_0024.jpg 1 19 22 24 24
0015_0008_0006_0030_0030.jpg 1 8 6 30 30
0016_0012_0010_0033_0033.jpg 1 12 10 33 33
0017_0017_0004_0030_0030.jpg 1 17 4 30 30
0018_0007_0014_0030_0030.jpg 1 7 14 30 30
0019_0009_0009_0029_0029.jpg 1 9 9 29 29
0020_0008_0008_0024_0024.jpg 1 8 8 24 24
0021_0020_0004_0024_0024.jpg 1 20 4 24 24
0022_0009_0004_0027_0027.jpg 1 9 4 27 27
0023_0004_0011_0024_0024.jpg 1 4 11 24 24
0024_0009_0002_0032_0032.jpg 1 9 2 32 32
0025_0010_0002_0024_0024.jpg 1 10 2 24 24
0001_0014_0015_0030_0030.jpg 1 14 15 30 30
0002_0018_0006_0028_0028.jpg 1 18 6 28 28
0003_0009_0004_0025_0025.jpg 1 9 4 25 25
0004_0016_0013_0025_0025.jpg 1 16 13 25 25
0005_0013_0013_0027_0027.jpg 1 13 13 27 27
0006_0016_0014_0031_0031.jpg 1 16 14 31 31
0007_0010_0004_0028_0028.jpg 1 10 4 28 28
0008_0009_0006_0033_0033.jpg 1 9 6 33 33
0009_0020_0017_0026_0026.jpg 1 20 17 26 26
0010_0021_0011_0026_0026.jpg 1 21 11 26 26
0011_0017_0012_0028_0028.jpg 1 17 12 28 28
0012_0007_0012_0026_0026.jpg 1 7 12 26 26
0013_0020_0007_0025_0025.jpg 1 20 7 25 25
0014_0004_0013_0032_0032.jpg 1 4 13 32 32
0015_0013_0006_0033_0033.jpg 1 13 6 33 33
0016_0003_0008_0033_0033.jpg 1 3 8 33 33
0017_0005_0006_0028_0028.jpg 1 5 6 28 28
0018_0010_0005_0030_0030.jpg 1 10 5 30 30
0019_0009_0013_0033_0033.jpg 1 9 13 33 33
0020_0008_0007_0027_0027.jpg 1 8 7 27 27
0021_0019_0007_0028_0028.jpg 1 19 7 28 28
0022_0004_0005_0033_0033.jpg 1 4 5 33 33
0023_0004_0006_0033_0033.jpg 1 4 6 33 33
0024_0005_0002_0028_0028.jpg 1 5 2 28 28
0025_0004_0003_0032_0032.jpg 1 4 3 32 32
0001_0009_0011_0029_0029.jpg 1 9 11 29 29
0002_0014_0008_0032_0032.jpg 1 14 8 32 32
0003_0005_0014_0034_0034.jpg 1 5 14 34 34
0004_0008_0012_0029_0029.jpg 1 8 12 29 29
0005_0003_0004_0031_0031.jpg 1 3 4 31 31
0006_0002_0011_0034_0034.jpg 1 2 11 34 34
0007_0013_0014_0029_0029.jpg 1 13 14 29 29
0008_0017_0003_0027_0027.jpg 1 17 3 27 27
0009_0021_0009_0024_0024.jpg 1 21 9 24 24
0010_0006_0008_0032_0032.jpg 1 6 8 32 32
0011_0013_0005_0025_0025.jpg 1 13 5 25 25
0012_0013_0008_0027_0027.jpg 1 13 8 27 27
0013_0009_0008_0027_0027.jpg 1 9 8 27 27
0014_0015_0004_0027_0027.jpg 1 15 4 27 27
0015_0008_0005_0034_0034.jpg 1 8 5 34 34
0016_0008_0009_0029_0029.jpg 1 8 9 29 29
0017_0006_0002_0034_0034.jpg 1 6 2 34 34
0018_0017_0015_0024_0024.jpg 1 17 15 24 24
0019_0010_0017_0025_0025.jpg 1 10 17 25 25
0020_0006_0016_0031_0031.jpg 1 6 16 31 31
0021_0004_0006_0031_0031.jpg 1 4 6 31 31
0022_0008_0010_0034_0034.jpg 1 8 10 34 34
0023_0003_0019_0026_0026.jpg 1 3 19 26 26
0024_0014_0005_0025_0025.jpg 1 14 5 25 25
0025_0016_0003_0028_0028.jpg 1 16 3 28 28
0001_0017_0014_0030_0030.jpg 1 17 14 30 30
0002_0013_0002_0032_0032.jpg 1 13 2 32 32
0003_0019_0010_0027_0027.jpg 1 19 10 27 27
0004_0014_0009_0033_0033.jpg 1 14 9 33 33
0005_0011_0008_0034_0034.jpg 1 11 8 34 34
0006_0009_0014_0031_0031.jpg 1 9 14 31 31
0007_0013_0018_0027_0027.jpg 1 13 18 27 27
0008_0006_0013_0026_0026.jpg 1 6 13 26 26
0009_0017_0019_0027_0027.jpg 1 17 19 27 27
0010_0007_0009_0026_0026.jpg 1 7 9 26 26
0011_0019_0016_0028_0028.jpg 1 19 16 28 28
0012_0013_0006_0028_0028.jpg 1 13 6 28 28
0013_0018_0007_0025_0025.jpg 1 18 7 25 25
0014_0010_0007_0025_0025.jpg 1 10 7 25 25
0015_0012_0015_0024_0024.jpg 1 12 15 24 24
0016_0010_0019_0027_0027.jpg 1 10 19 27 27
0017_0012_0015_0026_0026.jpg 1 12 15 26 26
0018_0011_0012_0032_0032.jpg 1 11 12 32 32
0019_0010_0014_0025_0025.jpg 1 10 14 25 25
0020_0005_0003_0029_0029.jpg 1 5 3 29 29
0021_0003_0007_0034_0034.jpg 1 3 7 34 34
0022_0023_0013_0024_0024.jpg 1 23 13 24 24
0023_0009_0011_0028_0028.jpg 1 9 11 28 28
0024_0013_0014_0033_0033.jpg 1 13 14 33 33
0025_0021_0017_0026_0026.jpg 1 21 17 26 26
0001_0006_0003_0032_0032.jpg 1 6 3 32 32
0002_0018_0009_0029_0029.jpg 1 18 9 29 29
0003_0013_0006_0029_0029.jpg 1 13 6 29 29
0004_0022_0017_0024_0024.jpg 1 22 17 24 24
0005_0012_0015_0028_0028.jpg 1 12 15 28 28
0006_0005_0008_0029_0029.jpg 1 5 8 29 29
0007_0003_0013_0033_0033.jpg 1 3 13 33 33
0008_0008_0010_0026_0026.jpg 1 8 10 26 26
0009_0007_0002_0034_0034.jpg 1 7 2 34 34
0010_0006_0006_0033_0033.jpg 1 6 6 33 33
0011_0008_0006_0034_0034.jpg 1 8 6 34 34
0012_0011_0018_0026_0026.jpg 1 11 18 26 26
0013_0006_0005_0030_0030.jpg 1 6 5 30 30
0014_0012_0002_0029_0029.jpg 1 12 2 29 29
0015_0011_0012_0030_0030.jpg 1 11 12 30 30
0016_0007_0005_0031_0031.jpg 1 7 5 31 31
0017_0004_0006_0033_0033.jpg 1 4 6 33 33
0018_0021_0005_0025_0025.jpg 1 21 5 25 25
0019_0016_0009_0031_0031.jpg 1 16 9 31 31
0020_0007_0013_0025_0025.jpg 1 7 13 25 25
0021_0013_0002_0033_0033.jpg 1 13 2 33 33
0022_0016_0010_0024_0024.jpg 1 16 10 24 24
0023_0012_0002_0030_0030.jpg 1 12 2 30 30
0024_0004_0009_0032_0032.jpg 1 4 9 32 32
0025_0016_0006_0026_0026.jpg 1 16 6 26 26
