0001_0006_0003_0032_0032.jpg 1 6 3 32 32
0002_0018_0009_0029_0029.jpg 1 18 9 29 29
0003_0013_0006_0029_0029.jpg 1 13 6 29 29
0004_0022_0017_0024_0024.jpg 1 22 17 24 24
0005_0012_0015_0028_0028.jpg 1 12 15 28 28
0006_0005_0008_0029_0029.jpg 1 5 8 29 29
0007_0003_0013_0033_0033.jpg 1 3 13 33 33
0008_0008_0010_0026_0026.jpg 1 8 10 26 26
0009_0007_0002_0034_0034.jpg 1 7 2 34 34
0010_0006_0006_0033_0033.jpg 1 6 6 33 33
0011_0008_0006_0034_0034.jpg 1 8 6 34 34
0012_0011_0018_0026_0026.jpg 1 11 18 26 26
0013_0006_0005_0030_0030.jpg 1 6 5 30 30
0014_0012_0002_0029_0029.jpg 1 12 2 29 29
0015_0011_0012_0030_0030.jpg 1 11 12 30 30
0016_0007_0005_0031_0031.jpg 1 7 5 31 31
0017_0004_0006_0033_0033.jpg 1 4 6 33 33
0018_0021_0005_0025_0025.jpg 1 21 5 25 25
0019_0016_0009_0031_0031.jpg 1 16 9 31 31
0020_0007_0013_0025_0025.jpg 1 7 13 25 25
0021_0013_0002_0033_0033.jpg 1 13 2 33 33
0022_0016_0010_0024_0024.jpg 1 16 10 24 24
0023_0012_0002_0030_0030.jpg 1 12 2 30 30
0024_0004_0009_0032_0032.jpg 1 4 9 32 32
0025_0016_0006_0026_0026.jpg 1 16 6 26 26
